# JRE version: OpenJDK Runtime Environment (17.0.9+9) (build 17.0.9+9-Ubuntu-122.04)
# Java VM: OpenJDK 64-Bit Server VM (17.0.9+9-Ubuntu-122.04, mixed mode, sharing, tiered, compressed oops, compressed class ptrs, g1 gc, linux-amd64)
GC Precious Log:
 CPUs: 20 total, 20 available
 Memory: 7786M
 Large Page Support: Disabled
 NUMA Support: Disabled
 Compressed Oops: Enabled (32-bit)
 Heap Region Size: 1M
 Heap Min Capacity: 8M
 Heap Initial Capacity: 122M
 Heap Max Capacity: 1948M
 Pre-touch: Disabled
 Parallel Workers: 15
 Concurrent Workers: 4
 Concurrent Refinement Workers: 15
 Periodic GC: Disabled
Heap:
 garbage-first heap   total 40960K, used 13944K [0x0000000086400000, 0x0000000100000000)
  region size 1024K, 3 young (3072K), 2 survivors (2048K)
 Metaspace       used 30687K, committed 31104K, reserved 1114112K
  class space    used 3838K, committed 4032K, reserved 1048576K
GC Heap History (20 events):
Event: 1.368 GC heap before
{Heap before GC invocations=0 (full 0):
 garbage-first heap   total 126976K, used 24496K [0x0000000086400000, 0x0000000100000000)
  region size 1024K, 23 young (23552K), 0 survivors (0K)
 Metaspace       used 3554K, committed 3776K, reserved 1114112K
  class space    used 343K, committed 448K, reserved 1048576K
}
Event: 1.371 GC heap after
{Heap after GC invocations=1 (full 0):
 garbage-first heap   total 126976K, used 2688K [0x0000000086400000, 0x0000000100000000)
  region size 1024K, 2 young (2048K), 2 survivors (2048K)
 Metaspace       used 3554K, committed 3776K, reserved 1114112K
  class space    used 343K, committed 448K, reserved 1048576K
}
Event: 6.845 GC heap before
{Heap before GC invocations=1 (full 0):
 garbage-first heap   total 126976K, used 59008K [0x0000000086400000, 0x0000000100000000)
  region size 1024K, 57 young (58368K), 2 survivors (2048K)
 Metaspace       used 10213K, committed 10496K, reserved 1114112K
  class space    used 1260K, committed 1408K, reserved 1048576K
}
Event: 6.848 GC heap after
{Heap after GC invocations=2 (full 0):
 garbage-first heap   total 126976K, used 4464K [0x0000000086400000, 0x0000000100000000)
  region size 1024K, 4 young (4096K), 4 survivors (4096K)
 Metaspace       used 10213K, committed 10496K, reserved 1114112K
  class space    used 1260K, committed 1408K, reserved 1048576K
}
Event: 9.165 GC heap before
{Heap before GC invocations=2 (full 0):
 garbage-first heap   total 126976K, used 75120K [0x0000000086400000, 0x0000000100000000)
  region size 1024K, 73 young (74752K), 4 survivors (4096K)
 Metaspace       used 16448K, committed 16768K, reserved 1114112K
  class space    used 2022K, committed 2176K, reserved 1048576K
}
Event: 9.172 GC heap after
{Heap after GC invocations=3 (full 0):
 garbage-first heap   total 126976K, used 6617K [0x0000000086400000, 0x0000000100000000)
  region size 1024K, 6 young (6144K), 6 survivors (6144K)
 Metaspace       used 16448K, committed 16768K, reserved 1114112K
  class space    used 2022K, committed 2176K, reserved 1048576K
}
Event: 11.637 GC heap before
{Heap before GC invocations=3 (full 0):
 garbage-first heap   total 126976K, used 58841K [0x0000000086400000, 0x0000000100000000)
  region size 1024K, 58 young (59392K), 6 survivors (6144K)
 Metaspace       used 21105K, committed 21504K, reserved 1114112K
  class space    used 2664K, committed 2880K, reserved 1048576K
}
Event: 11.645 GC heap after
{Heap after GC invocations=4 (full 0):
 garbage-first heap   total 126976K, used 8975K [0x0000000086400000, 0x0000000100000000)
  region size 1024K, 7 young (7168K), 7 survivors (7168K)
 Metaspace       used 21105K, committed 21504K, reserved 1114112K
  class space    used 2664K, committed 2880K, reserved 1048576K
}
Event: 12.624 GC heap before
{Heap before GC invocations=5 (full 0):
 garbage-first heap   total 40960K, used 26383K [0x0000000086400000, 0x0000000100000000)
  region size 1024K, 24 young (24576K), 7 survivors (7168K)
 Metaspace       used 23457K, committed 23872K, reserved 1114112K
  class space    used 2931K, committed 3136K, reserved 1048576K
}
Event: 12.631 GC heap after
{Heap after GC invocations=6 (full 0):
 garbage-first heap   total 40960K, used 9797K [0x0000000086400000, 0x0000000100000000)
  region size 1024K, 2 young (2048K), 2 survivors (2048K)
 Metaspace       used 23457K, committed 23872K, reserved 1114112K
  class space    used 2931K, committed 3136K, reserved 1048576K
}
Event: 12.661 GC heap before
{Heap before GC invocations=6 (full 0):
 garbage-first heap   total 40960K, used 10821K [0x0000000086400000, 0x0000000100000000)
  region size 1024K, 3 young (3072K), 2 survivors (2048K)
 Metaspace       used 23627K, committed 24000K, reserved 1114112K
  class space    used 2949K, committed 3136K, reserved 1048576K
}
Event: 12.664 GC heap after
{Heap after GC invocations=7 (full 0):
 garbage-first heap   total 40960K, used 10034K [0x0000000086400000, 0x0000000100000000)
  region size 1024K, 1 young (1024K), 1 survivors (1024K)
 Metaspace       used 23627K, committed 24000K, reserved 1114112K
  class space    used 2949K, committed 3136K, reserved 1048576K
}
Event: 13.580 GC heap before
{Heap before GC invocations=7 (full 0):
 garbage-first heap   total 40960K, used 30514K [0x0000000086400000, 0x0000000100000000)
  region size 1024K, 21 young (21504K), 1 survivors (1024K)
 Metaspace       used 25667K, committed 26048K, reserved 1114112K
  class space    used 3215K, committed 3392K, reserved 1048576K
}
Event: 13.586 GC heap after
{Heap after GC invocations=8 (full 0):
 garbage-first heap   total 40960K, used 11191K [0x0000000086400000, 0x0000000100000000)
  region size 1024K, 2 young (2048K), 2 survivors (2048K)
 Metaspace       used 25667K, committed 26048K, reserved 1114112K
  class space    used 3215K, committed 3392K, reserved 1048576K
}
Event: 14.445 GC heap before
{Heap before GC invocations=8 (full 0):
 garbage-first heap   total 40960K, used 30647K [0x0000000086400000, 0x0000000100000000)
  region size 1024K, 21 young (21504K), 2 survivors (2048K)
 Metaspace       used 27332K, committed 27776K, reserved 1114112K
  class space    used 3433K, committed 3648K, reserved 1048576K
}
Event: 14.447 GC heap after
{Heap after GC invocations=9 (full 0):
 garbage-first heap   total 40960K, used 12513K [0x0000000086400000, 0x0000000100000000)
  region size 1024K, 3 young (3072K), 3 survivors (3072K)
 Metaspace       used 27332K, committed 27776K, reserved 1114112K
  class space    used 3433K, committed 3648K, reserved 1048576K
}
Event: 17.575 GC heap before
{Heap before GC invocations=9 (full 0):
 garbage-first heap   total 40960K, used 29921K [0x0000000086400000, 0x0000000100000000)
  region size 1024K, 21 young (21504K), 3 survivors (3072K)
 Metaspace       used 29545K, committed 30080K, reserved 1114112K
  class space    used 3718K, committed 3968K, reserved 1048576K
}
Event: 17.580 GC heap after
{Heap after GC invocations=10 (full 0):
 garbage-first heap   total 40960K, used 13091K [0x0000000086400000, 0x0000000100000000)
  region size 1024K, 2 young (2048K), 2 survivors (2048K)
 Metaspace       used 29545K, committed 30080K, reserved 1114112K
  class space    used 3718K, committed 3968K, reserved 1048576K
}
Event: 17.721 GC heap before
{Heap before GC invocations=10 (full 0):
 garbage-first heap   total 40960K, used 31523K [0x0000000086400000, 0x0000000100000000)
  region size 1024K, 20 young (20480K), 2 survivors (2048K)
 Metaspace       used 30687K, committed 31104K, reserved 1114112K
  class space    used 3838K, committed 4032K, reserved 1048576K
}
Event: 17.723 GC heap after
{Heap after GC invocations=11 (full 0):
 garbage-first heap   total 40960K, used 13944K [0x0000000086400000, 0x0000000100000000)
  region size 1024K, 2 young (2048K), 2 survivors (2048K)
 Metaspace       used 30687K, committed 31104K, reserved 1114112K
  class space    used 3838K, committed 4032K, reserved 1048576K
}

