# JRE version: OpenJDK Runtime Environment (17.0.9+9) (build 17.0.9+9-Ubuntu-122.04)
# Java VM: OpenJDK 64-Bit Server VM (17.0.9+9-Ubuntu-122.04, mixed mode, sharing, tiered, compressed oops, compressed class ptrs, g1 gc, linux-amd64)
GC Precious Log:
 CPUs: 20 total, 20 available
 Memory: 7786M
 Large Page Support: Disabled
 NUMA Support: Disabled
 Compressed Oops: Enabled (32-bit)
 Heap Region Size: 1M
 Heap Min Capacity: 8M
 Heap Initial Capacity: 122M
 Heap Max Capacity: 1948M
 Pre-touch: Disabled
 Parallel Workers: 15
 Concurrent Workers: 4
 Concurrent Refinement Workers: 15
 Periodic GC: Disabled
Heap:
 garbage-first heap   total 40960K, used 31697K [0x0000000086400000, 0x0000000100000000)
  region size 1024K, 19 young (19456K), 2 survivors (2048K)
 Metaspace       used 30691K, committed 31104K, reserved 1114112K
  class space    used 3842K, committed 4032K, reserved 1048576K
GC Heap History (20 events):
Event: 1.722 GC heap after
{Heap after GC invocations=1 (full 0):
 garbage-first heap   total 126976K, used 2688K [0x0000000086400000, 0x0000000100000000)
  region size 1024K, 2 young (2048K), 2 survivors (2048K)
 Metaspace       used 3471K, committed 3648K, reserved 1114112K
  class space    used 331K, committed 448K, reserved 1048576K
}
Event: 4.778 GC heap before
{Heap before GC invocations=1 (full 0):
 garbage-first heap   total 126976K, used 59008K [0x0000000086400000, 0x0000000100000000)
  region size 1024K, 57 young (58368K), 2 survivors (2048K)
 Metaspace       used 9951K, committed 10176K, reserved 1114112K
  class space    used 1229K, committed 1344K, reserved 1048576K
}
Event: 4.781 GC heap after
{Heap after GC invocations=2 (full 0):
 garbage-first heap   total 126976K, used 4307K [0x0000000086400000, 0x0000000100000000)
  region size 1024K, 4 young (4096K), 4 survivors (4096K)
 Metaspace       used 9951K, committed 10176K, reserved 1114112K
  class space    used 1229K, committed 1344K, reserved 1048576K
}
Event: 6.613 GC heap before
{Heap before GC invocations=2 (full 0):
 garbage-first heap   total 126976K, used 74963K [0x0000000086400000, 0x0000000100000000)
  region size 1024K, 73 young (74752K), 4 survivors (4096K)
 Metaspace       used 16283K, committed 16512K, reserved 1114112K
  class space    used 1998K, committed 2112K, reserved 1048576K
}
Event: 6.619 GC heap after
{Heap after GC invocations=3 (full 0):
 garbage-first heap   total 126976K, used 6612K [0x0000000086400000, 0x0000000100000000)
  region size 1024K, 6 young (6144K), 6 survivors (6144K)
 Metaspace       used 16283K, committed 16512K, reserved 1114112K
  class space    used 1998K, committed 2112K, reserved 1048576K
}
Event: 8.894 GC heap before
{Heap before GC invocations=3 (full 0):
 garbage-first heap   total 126976K, used 60884K [0x0000000086400000, 0x0000000100000000)
  region size 1024K, 60 young (61440K), 6 survivors (6144K)
 Metaspace       used 21108K, committed 21504K, reserved 1114112K
  class space    used 2666K, committed 2880K, reserved 1048576K
}
Event: 8.911 GC heap after
{Heap after GC invocations=4 (full 0):
 garbage-first heap   total 126976K, used 8924K [0x0000000086400000, 0x0000000100000000)
  region size 1024K, 7 young (7168K), 7 survivors (7168K)
 Metaspace       used 21108K, committed 21504K, reserved 1114112K
  class space    used 2666K, committed 2880K, reserved 1048576K
}
Event: 9.562 GC heap before
{Heap before GC invocations=5 (full 0):
 garbage-first heap   total 40960K, used 26332K [0x0000000086400000, 0x0000000100000000)
  region size 1024K, 24 young (24576K), 7 survivors (7168K)
 Metaspace       used 23460K, committed 23872K, reserved 1114112K
  class space    used 2933K, committed 3136K, reserved 1048576K
}
Event: 9.571 GC heap after
{Heap after GC invocations=6 (full 0):
 garbage-first heap   total 40960K, used 9812K [0x0000000086400000, 0x0000000100000000)
  region size 1024K, 2 young (2048K), 2 survivors (2048K)
 Metaspace       used 23460K, committed 23872K, reserved 1114112K
  class space    used 2933K, committed 3136K, reserved 1048576K
}
Event: 9.600 GC heap before
{Heap before GC invocations=6 (full 0):
 garbage-first heap   total 40960K, used 10836K [0x0000000086400000, 0x0000000100000000)
  region size 1024K, 3 young (3072K), 2 survivors (2048K)
 Metaspace       used 23630K, committed 24000K, reserved 1114112K
  class space    used 2951K, committed 3136K, reserved 1048576K
}
Event: 9.603 GC heap after
{Heap after GC invocations=7 (full 0):
 garbage-first heap   total 40960K, used 10488K [0x0000000086400000, 0x0000000100000000)
  region size 1024K, 1 young (1024K), 1 survivors (1024K)
 Metaspace       used 23630K, committed 24000K, reserved 1114112K
  class space    used 2951K, committed 3136K, reserved 1048576K
}
Event: 10.371 GC heap before
{Heap before GC invocations=7 (full 0):
 garbage-first heap   total 40960K, used 30968K [0x0000000086400000, 0x0000000100000000)
  region size 1024K, 21 young (21504K), 1 survivors (1024K)
 Metaspace       used 25665K, committed 26048K, reserved 1114112K
  class space    used 3216K, committed 3392K, reserved 1048576K
}
Event: 10.377 GC heap after
{Heap after GC invocations=8 (full 0):
 garbage-first heap   total 40960K, used 11694K [0x0000000086400000, 0x0000000100000000)
  region size 1024K, 2 young (2048K), 2 survivors (2048K)
 Metaspace       used 25665K, committed 26048K, reserved 1114112K
  class space    used 3216K, committed 3392K, reserved 1048576K
}
Event: 11.117 GC heap before
{Heap before GC invocations=8 (full 0):
 garbage-first heap   total 40960K, used 31150K [0x0000000086400000, 0x0000000100000000)
  region size 1024K, 21 young (21504K), 2 survivors (2048K)
 Metaspace       used 27335K, committed 27840K, reserved 1114112K
  class space    used 3436K, committed 3712K, reserved 1048576K
}
Event: 11.119 GC heap after
{Heap after GC invocations=9 (full 0):
 garbage-first heap   total 40960K, used 13006K [0x0000000086400000, 0x0000000100000000)
  region size 1024K, 3 young (3072K), 3 survivors (3072K)
 Metaspace       used 27335K, committed 27840K, reserved 1114112K
  class space    used 3436K, committed 3712K, reserved 1048576K
}
Event: 41.988 GC heap before
{Heap before GC invocations=9 (full 0):
 garbage-first heap   total 40960K, used 30414K [0x0000000086400000, 0x0000000100000000)
  region size 1024K, 20 young (20480K), 3 survivors (3072K)
 Metaspace       used 29484K, committed 30016K, reserved 1114112K
  class space    used 3712K, committed 3968K, reserved 1048576K
}
Event: 41.993 GC heap after
{Heap after GC invocations=10 (full 0):
 garbage-first heap   total 40960K, used 13504K [0x0000000086400000, 0x0000000100000000)
  region size 1024K, 2 young (2048K), 2 survivors (2048K)
 Metaspace       used 29484K, committed 30016K, reserved 1114112K
  class space    used 3712K, committed 3968K, reserved 1048576K
}
Event: 42.308 GC heap before
{Heap before GC invocations=10 (full 0):
 garbage-first heap   total 40960K, used 31936K [0x0000000086400000, 0x0000000100000000)
  region size 1024K, 20 young (20480K), 2 survivors (2048K)
 Metaspace       used 30691K, committed 31104K, reserved 1114112K
  class space    used 3842K, committed 4032K, reserved 1048576K
}
Event: 42.310 GC heap after
{Heap after GC invocations=11 (full 0):
 garbage-first heap   total 40960K, used 14289K [0x0000000086400000, 0x0000000100000000)
  region size 1024K, 2 young (2048K), 2 survivors (2048K)
 Metaspace       used 30691K, committed 31104K, reserved 1114112K
  class space    used 3842K, committed 4032K, reserved 1048576K
}
Event: 42.348 GC heap before
{Heap before GC invocations=11 (full 0):
 garbage-first heap   total 40960K, used 31697K [0x0000000086400000, 0x0000000100000000)
  region size 1024K, 19 young (19456K), 2 survivors (2048K)
 Metaspace       used 30691K, committed 31104K, reserved 1114112K
  class space    used 3842K, committed 4032K, reserved 1048576K
}

